<?xml version="1.0" encoding="UTF-8"?>
<Site BuildName="(empty)"
	BuildStamp="20250809-1816-Experimental"
	Name="(empty)"
	Generator="ctest-4.1.0-rc3"
	CompilerName=""
	CompilerVersion=""
	OSName="Windows"
	Hostname="RazaJavaid2005"
	OSRelease=" Professional"
	OSVersion=" (Build 19045)"
	OSPlatform="AMD64"
	Is64Bits="1"
	VendorString="GenuineIntel"
	VendorID="Intel Corporation"
	FamilyID="6"
	ModelID="14"
	ModelName=""
	ProcessorCacheSize="-1"
	NumberOfLogicalCPU="4"
	NumberOfPhysicalCPU="2"
	TotalVirtualMemory="7187"
	TotalPhysicalMemory="3987"
	LogicalProcessorsPerPhysical="2"
	ProcessorClockFrequency="2801"
	>
	<Testing>
		<StartDateTime>Aug 09 23:31 Pakistan Standard Time</StartDateTime>
		<StartTestTime>1754764313</StartTestTime>
		<TestList/>
		<EndDateTime>Aug 09 23:31 Pakistan Standard Time</EndDateTime>
		<EndTestTime>1754764313</EndTestTime>
		<ElapsedMinutes>0</ElapsedMinutes>
	</Testing>
</Site>
